v5 replay detailed diagnostics @ 2026-01-30T22:06:51Z
sessions=216 mainLiftPrescriptions=394
decisionAgree=242/394 loadAgree=137/394 mae=14.45

Decision confusion matrix (rows=expected, cols=predicted):
      exp\pred        deload          hold      increasedecrease_small
        deload            51            10             0            17
          hold             3            66            43            17
      increase             0             2             2             0
decrease_small             5            54             1           123

Buckets by lift:
  squat: n=115 dec=0.59 load=0.39 mae=11.4
  bench: n=116 dec=0.60 load=0.26 mae=17.9
  deadlift: n=93 dec=0.68 load=0.43 mae=14.1
  ohp: n=70 dec=0.59 load=0.31 mae=14.2

Per-user buckets:
  U501: n=60 dec=0.35 load=0.62 mae=5.8
  U502: n=72 dec=0.47 load=0.67 mae=6.9
  U503: n=82 dec=0.61 load=0.21 mae=13.2
  U504: n=96 dec=0.78 load=0.12 mae=20.1
  U505: n=84 dec=0.74 load=0.27 mae=21.8

Sample mismatches (up to 20):
  U501 2025-10-10 FB_A lift=squat exp=decrease_small(hold_at_target_or_uncertain_and_readiness_cut) pred=hold err>2step dir=hold reason=acute_low_readiness_single_day
  U501 2025-10-10 FB_A lift=bench exp=decrease_small(hold_at_target_or_uncertain_and_readiness_cut) pred=hold err<=2step dir=hold reason=acute_low_readiness_single_day
  U501 2025-10-20 FB_A lift=squat exp=hold(hold_at_target_or_uncertain) pred=increase err<=step dir=increase reason=successful_progression
  U501 2025-10-20 FB_A lift=bench exp=hold(hold_at_target_or_uncertain) pred=increase err<=step dir=increase reason=successful_progression
  U501 2025-10-22 FB_B lift=deadlift exp=decrease_small(hold_at_target_or_uncertain_and_readiness_cut) pred=hold err>2step dir=hold reason=acute_low_readiness_single_day
  U501 2025-10-22 FB_B lift=ohp exp=decrease_small(hold_at_target_or_uncertain_and_readiness_cut) pred=hold err<=step dir=hold reason=acute_low_readiness_single_day
  U501 2025-10-24 FB_A lift=squat exp=increase(increase_after_exceeding_reps_target) pred=hold err>2step dir=hold reason=acute_low_readiness_single_day
  U501 2025-10-27 FB_A lift=squat exp=hold(hold_at_target_or_uncertain) pred=increase err<=step dir=increase reason=successful_progression
  U501 2025-10-27 FB_A lift=bench exp=hold(hold_at_target_or_uncertain) pred=increase err<=step dir=increase reason=successful_progression
  U501 2025-10-31 FB_A lift=squat exp=hold(hold_at_target_or_uncertain) pred=increase err<=step dir=increase reason=successful_progression
  U501 2025-10-31 FB_A lift=bench exp=hold(hold_at_target_or_uncertain) pred=increase err<=step dir=increase reason=successful_progression
  U501 2025-11-03 FB_A lift=squat exp=hold(hold_at_target_or_uncertain) pred=increase err<=step dir=increase reason=successful_progression
  U501 2025-11-03 FB_A lift=bench exp=hold(hold_at_target_or_uncertain) pred=increase err<=step dir=increase reason=successful_progression
  U501 2025-11-05 FB_B lift=deadlift exp=hold(hold_at_target_or_uncertain) pred=increase err<=step dir=increase reason=successful_progression
  U501 2025-11-07 FB_A lift=squat exp=decrease_small(hold_at_target_or_uncertain_and_readiness_cut) pred=hold err>2step dir=hold reason=acute_low_readiness_single_day
  U501 2025-11-07 FB_A lift=bench exp=decrease_small(hold_at_target_or_uncertain_and_readiness_cut) pred=hold err<=2step dir=hold reason=acute_low_readiness_single_day
  U501 2025-11-10 FB_A lift=squat exp=decrease_small(hold_at_target_or_uncertain_and_readiness_cut) pred=hold err<=2step dir=hold reason=acute_low_readiness_single_day
  U501 2025-11-10 FB_A lift=bench exp=decrease_small(hold_at_target_or_uncertain_and_readiness_cut) pred=hold err>2step dir=hold reason=acute_low_readiness_single_day
  U501 2025-11-12 FB_B lift=deadlift exp=hold(hold_at_target_or_uncertain) pred=increase err<=step dir=increase reason=successful_progression
  U501 2025-11-12 FB_B lift=ohp exp=hold(hold_at_target_or_uncertain) pred=increase err<=step dir=increase reason=successful_progression