================================================================================
V6 REPLAY DETAILED DIAGNOSTICS @ 2026-01-30T22:06:52Z
================================================================================

SUMMARY:
  sessions=308 mainLiftPrescriptions=560
  Load Agreement: 203/560 = 36.2%
  Decision Agreement: 311/560 = 55.5%
  MAE: 15.41 lb

--------------------------------------------------------------------------------
DECISION CONFUSION MATRIX (rows=expected, cols=predicted):
      exp\pred        deload          hold      increasedecrease_small
        deload            57             5             1            21
          hold             4            94            91            49
      increase             0             0            10             4
decrease_small             4            63             7           150

--------------------------------------------------------------------------------
TOP MISMATCH PAIRS (exp→pred:engineReason):
  91x  hold→increase:successful_progression
  36x  decrease_small→hold:acute_low_readiness_single_day
  25x  hold→decrease_small:low_readiness_acute
  24x  hold→decrease_small:minor_fatigue_signal
  23x  decrease_small→hold:consolidating
  11x  deload→decrease_small:low_readiness_acute
  10x  deload→decrease_small:minor_fatigue_signal
  7x  decrease_small→increase:successful_progression
  4x  hold→deload:fail_streak_threshold
  4x  decrease_small→hold:insufficient_data
  4x  decrease_small→deload:fail_streak_threshold
  4x  deload→hold:consolidating
  2x  increase→decrease_small:minor_fatigue_signal
  2x  increase→decrease_small:low_readiness_acute
  1x  deload→increase:successful_progression

--------------------------------------------------------------------------------
BUCKETS BY LIFT:
  squat: n=163 dec=57.1% load=48.5% mae=11.8lb
  bench: n=164 dec=56.7% load=22.6% mae=17.7lb
  deadlift: n=137 dec=55.5% load=32.8% mae=19.8lb
  ohp: n=96 dec=51.0% load=43.8% mae=11.6lb

--------------------------------------------------------------------------------
PER-USER BUCKETS:
  U601: n=72 dec=54.2% load=58.3% mae=5.8lb
  U602: n=84 dec=33.3% load=72.6% mae=2.8lb
  U603: n=96 dec=63.5% load=33.3% mae=13.6lb
  U604: n=98 dec=48.0% load=32.7% mae=11.8lb
  U605: n=112 dec=65.2% load=9.8% mae=27.3lb
  U606: n=98 dec=64.3% load=25.5% mae=25.2lb

--------------------------------------------------------------------------------
SAMPLE MISMATCHES (up to 50):
  U601 2025-09-08 FB_A lift=squat
    exp=hold(hold_at_target_or_uncertain) pred=increase
    engine: dir=increase reason=successful_progression
    weight: exp=135.0lb pred=137.5lb err=2.5lb readiness=75
  U601 2025-09-12 FB_A lift=squat
    exp=hold(hold_at_target_or_uncertain) pred=increase
    engine: dir=increase reason=successful_progression
    weight: exp=135.0lb pred=137.5lb err=2.5lb readiness=70
  U601 2025-09-15 FB_A lift=squat
    exp=decrease_small(hold_at_target_or_uncertain_and_readiness_cut) pred=hold
    engine: dir=hold reason=acute_low_readiness_single_day
    weight: exp=127.5lb pred=135.0lb err=7.5lb readiness=60
  U601 2025-09-15 FB_A lift=bench
    exp=decrease_small(hold_at_target_or_uncertain_and_readiness_cut) pred=hold
    engine: dir=hold reason=acute_low_readiness_single_day
    weight: exp=87.5lb pred=92.5lb err=5.0lb readiness=60
  U601 2025-09-17 FB_B lift=deadlift
    exp=hold(hold_at_target_or_uncertain) pred=increase
    engine: dir=increase reason=successful_progression
    weight: exp=152.5lb pred=155.0lb err=2.5lb readiness=70
  U601 2025-09-17 FB_B lift=ohp
    exp=hold(hold_at_target_or_uncertain) pred=increase
    engine: dir=increase reason=successful_progression
    weight: exp=50.0lb pred=52.5lb err=2.5lb readiness=70
  U601 2025-09-26 FB_A lift=squat
    exp=hold(hold_at_target_or_uncertain) pred=increase
    engine: dir=increase reason=successful_progression
    weight: exp=127.5lb pred=130.0lb err=2.5lb readiness=75
  U601 2025-09-26 FB_A lift=bench
    exp=hold(hold_at_target_or_uncertain) pred=increase
    engine: dir=increase reason=successful_progression
    weight: exp=87.5lb pred=92.5lb err=5.0lb readiness=75
  U601 2025-09-29 FB_A lift=squat
    exp=hold(hold_at_target_or_uncertain) pred=increase
    engine: dir=increase reason=successful_progression
    weight: exp=127.5lb pred=130.0lb err=2.5lb readiness=80
  U601 2025-09-29 FB_A lift=bench
    exp=hold(hold_at_target_or_uncertain) pred=increase
    engine: dir=increase reason=successful_progression
    weight: exp=87.5lb pred=92.5lb err=5.0lb readiness=80
  U601 2025-10-01 FB_B lift=deadlift
    exp=decrease_small(hold_at_target_or_uncertain_and_readiness_cut) pred=hold
    engine: dir=hold reason=acute_low_readiness_single_day
    weight: exp=145.0lb pred=152.5lb err=7.5lb readiness=60
  U601 2025-10-01 FB_B lift=ohp
    exp=decrease_small(hold_at_target_or_uncertain_and_readiness_cut) pred=hold
    engine: dir=hold reason=acute_low_readiness_single_day
    weight: exp=47.5lb pred=50.0lb err=2.5lb readiness=60
  U601 2025-10-27 FB_A lift=squat
    exp=hold(hold_at_target_or_uncertain) pred=increase
    engine: dir=increase reason=successful_progression
    weight: exp=107.5lb pred=110.0lb err=2.5lb readiness=70
  U601 2025-10-27 FB_A lift=bench
    exp=hold(hold_at_target_or_uncertain) pred=increase
    engine: dir=increase reason=successful_progression
    weight: exp=75.0lb pred=85.0lb err=10.0lb readiness=70
  U601 2025-10-29 FB_B lift=deadlift
    exp=decrease_small(hold_at_target_or_uncertain_and_readiness_cut) pred=hold
    engine: dir=hold reason=acute_low_readiness_single_day
    weight: exp=127.5lb pred=135.0lb err=7.5lb readiness=40
  U601 2025-10-29 FB_B lift=ohp
    exp=decrease_small(hold_at_target_or_uncertain_and_readiness_cut) pred=hold
    engine: dir=hold reason=acute_low_readiness_single_day
    weight: exp=45.0lb pred=47.5lb err=2.5lb readiness=40
  U601 2025-10-31 FB_A lift=squat
    exp=decrease_small(hold_at_target_or_uncertain_and_readiness_cut) pred=hold
    engine: dir=hold reason=acute_low_readiness_single_day
    weight: exp=102.5lb pred=107.5lb err=5.0lb readiness=50
  U601 2025-10-31 FB_A lift=bench
    exp=decrease_small(hold_at_target_or_uncertain_and_readiness_cut) pred=hold
    engine: dir=hold reason=acute_low_readiness_single_day
    weight: exp=70.0lb pred=80.0lb err=10.0lb readiness=50
  U601 2025-11-07 FB_A lift=squat
    exp=hold(hold_at_target_or_uncertain) pred=increase
    engine: dir=increase reason=successful_progression
    weight: exp=102.5lb pred=105.0lb err=2.5lb readiness=70
  U601 2025-11-07 FB_A lift=bench
    exp=hold(hold_at_target_or_uncertain) pred=increase
    engine: dir=increase reason=successful_progression
    weight: exp=70.0lb pred=82.5lb err=12.5lb readiness=70
  U601 2025-11-10 FB_A lift=squat
    exp=hold(hold_at_target_or_uncertain) pred=increase
    engine: dir=increase reason=successful_progression
    weight: exp=102.5lb pred=105.0lb err=2.5lb readiness=70
  U601 2025-11-10 FB_A lift=bench
    exp=hold(hold_at_target_or_uncertain) pred=increase
    engine: dir=increase reason=successful_progression
    weight: exp=70.0lb pred=80.0lb err=10.0lb readiness=70
  U601 2025-11-12 FB_B lift=deadlift
    exp=hold(hold_at_target_or_uncertain) pred=increase
    engine: dir=increase reason=successful_progression
    weight: exp=127.5lb pred=130.0lb err=2.5lb readiness=70
  U601 2025-11-12 FB_B lift=ohp
    exp=hold(hold_at_target_or_uncertain) pred=increase
    engine: dir=increase reason=successful_progression
    weight: exp=45.0lb pred=50.0lb err=5.0lb readiness=70
  U601 2025-11-14 FB_A lift=squat
    exp=decrease_small(hold_at_target_or_uncertain_and_readiness_cut) pred=hold
    engine: dir=hold reason=acute_low_readiness_single_day
    weight: exp=97.5lb pred=102.5lb err=5.0lb readiness=40
  U601 2025-11-14 FB_A lift=bench
    exp=decrease_small(hold_at_target_or_uncertain_and_readiness_cut) pred=hold
    engine: dir=hold reason=acute_low_readiness_single_day
    weight: exp=67.5lb pred=75.0lb err=7.5lb readiness=40
  U601 2025-11-19 FB_B lift=deadlift
    exp=hold(hold_at_target_or_uncertain) pred=increase
    engine: dir=increase reason=successful_progression
    weight: exp=127.5lb pred=130.0lb err=2.5lb readiness=70
  U601 2025-11-19 FB_B lift=ohp
    exp=hold(hold_at_target_or_uncertain) pred=increase
    engine: dir=increase reason=successful_progression
    weight: exp=45.0lb pred=50.0lb err=5.0lb readiness=70
  U601 2025-11-28 FB_A lift=squat
    exp=hold(hold_at_target_or_uncertain) pred=increase
    engine: dir=increase reason=successful_progression
    weight: exp=97.5lb pred=100.0lb err=2.5lb readiness=70
  U601 2025-11-28 FB_A lift=bench
    exp=hold(hold_at_target_or_uncertain) pred=increase
    engine: dir=increase reason=successful_progression
    weight: exp=67.5lb pred=77.5lb err=10.0lb readiness=70
  U601 2025-12-01 FB_A lift=squat
    exp=hold(hold_at_target_or_uncertain) pred=increase
    engine: dir=increase reason=successful_progression
    weight: exp=97.5lb pred=100.0lb err=2.5lb readiness=85
  U601 2025-12-01 FB_A lift=bench
    exp=hold(hold_at_target_or_uncertain) pred=increase
    engine: dir=increase reason=successful_progression
    weight: exp=67.5lb pred=75.0lb err=7.5lb readiness=85
  U601 2025-12-03 FB_B lift=deadlift
    exp=hold(hold_at_target_or_uncertain) pred=increase
    engine: dir=increase reason=successful_progression
    weight: exp=127.5lb pred=130.0lb err=2.5lb readiness=70
  U602 2025-09-05 FB_A lift=squat
    exp=hold(hold_at_target_or_uncertain) pred=increase
    engine: dir=increase reason=successful_progression
    weight: exp=105.0lb pred=106.2lb err=1.2lb readiness=85
  U602 2025-09-05 FB_A lift=bench
    exp=hold(hold_at_target_or_uncertain) pred=increase
    engine: dir=increase reason=successful_progression
    weight: exp=72.5lb pred=73.8lb err=1.2lb readiness=85
  U602 2025-09-08 FB_A lift=squat
    exp=hold(hold_at_target_or_uncertain) pred=increase
    engine: dir=increase reason=successful_progression
    weight: exp=105.0lb pred=106.2lb err=1.2lb readiness=75
  U602 2025-09-08 FB_A lift=bench
    exp=hold(hold_at_target_or_uncertain) pred=increase
    engine: dir=increase reason=successful_progression
    weight: exp=72.5lb pred=73.8lb err=1.2lb readiness=75
  U602 2025-09-10 FB_B lift=deadlift
    exp=decrease_small(hold_at_target_or_uncertain_and_readiness_cut) pred=hold
    engine: dir=hold reason=acute_low_readiness_single_day
    weight: exp=113.8lb pred=120.0lb err=6.2lb readiness=40
  U602 2025-09-10 FB_B lift=ohp
    exp=decrease_small(hold_at_target_or_uncertain_and_readiness_cut) pred=hold
    engine: dir=hold reason=acute_low_readiness_single_day
    weight: exp=45.0lb pred=45.0lb err=0.0lb readiness=40
  U602 2025-09-12 FB_A lift=squat
    exp=decrease_small(hold_at_target_or_uncertain_and_readiness_cut) pred=hold
    engine: dir=hold reason=acute_low_readiness_single_day
    weight: exp=100.0lb pred=105.0lb err=5.0lb readiness=60
  U602 2025-09-12 FB_A lift=bench
    exp=decrease_small(hold_at_target_or_uncertain_and_readiness_cut) pred=hold
    engine: dir=hold reason=acute_low_readiness_single_day
    weight: exp=68.8lb pred=72.5lb err=3.8lb readiness=60
  U602 2025-09-15 FB_A lift=bench
    exp=hold(hold_at_target_or_uncertain) pred=increase
    engine: dir=increase reason=successful_progression
    weight: exp=68.8lb pred=73.8lb err=5.0lb readiness=80
  U602 2025-09-17 FB_B lift=deadlift
    exp=hold(hold_at_target_or_uncertain) pred=increase
    engine: dir=increase reason=successful_progression
    weight: exp=113.8lb pred=115.0lb err=1.2lb readiness=90
  U602 2025-09-19 FB_A lift=bench
    exp=hold(hold_at_target_or_uncertain) pred=increase
    engine: dir=increase reason=successful_progression
    weight: exp=68.8lb pred=72.5lb err=3.8lb readiness=90
  U602 2025-09-22 FB_A lift=squat
    exp=hold(hold_at_target_or_uncertain) pred=increase
    engine: dir=increase reason=successful_progression
    weight: exp=100.0lb pred=101.2lb err=1.2lb readiness=70
  U602 2025-09-24 FB_B lift=deadlift
    exp=hold(hold_at_target_or_uncertain) pred=increase
    engine: dir=increase reason=successful_progression
    weight: exp=113.8lb pred=115.0lb err=1.2lb readiness=75
  U602 2025-09-24 FB_B lift=ohp
    exp=hold(hold_at_target_or_uncertain) pred=increase
    engine: dir=increase reason=successful_progression
    weight: exp=45.0lb pred=46.2lb err=1.2lb readiness=75
  U602 2025-09-26 FB_A lift=squat
    exp=hold(hold_at_target_or_uncertain) pred=increase
    engine: dir=increase reason=successful_progression
    weight: exp=100.0lb pred=101.2lb err=1.2lb readiness=70
  U602 2025-09-26 FB_A lift=bench
    exp=hold(hold_at_target_or_uncertain) pred=increase
    engine: dir=increase reason=successful_progression
    weight: exp=71.2lb pred=72.5lb err=1.2lb readiness=70
  U602 2025-09-29 FB_A lift=squat
    exp=hold(hold_at_target_or_uncertain) pred=increase
    engine: dir=increase reason=successful_progression
    weight: exp=100.0lb pred=101.2lb err=1.2lb readiness=70