================================================================================
V7 FULL E2E REPLAY DIAGNOSTICS @ 2026-01-26T23:38:17Z
================================================================================

OVERALL SUMMARY:
  Total test cases: 116
  Main lift prescriptions scored: 203

  📊 Load Agreement: 155/203 = 76.4%
  🎯 Decision Agreement: 102/203 = 50.2%
  📏 Mean Absolute Error: 6.56 lb
  ✅ Assertions Passed: 265/458 = 57.9%

--------------------------------------------------------------------------------
DECISION CONFUSION MATRIX (rows=expected, cols=predicted):
      exp\pred        deload          hold      increasedecrease_small
        deload            12             0             0             0
          hold             4            31            86             6
      increase             0             0            33             0
decrease_small             0             0             5            26

--------------------------------------------------------------------------------
PER-SCENARIO BREAKDOWN:
  beginner_linear_progression:
    lifts=108 load=88.0% dec=63.0% mae=4.7lb
  cut_recomp_intermediate:
    lifts=25 load=40.0% dec=32.0% mae=12.1lb
  messy_adherence_breaks:
    lifts=30 load=60.0% dec=50.0% mae=6.7lb
  microloading_pressing:
    lifts=30 load=93.3% dec=23.3% mae=4.2lb
  variations_substitutions:
    lifts=10 load=40.0% dec=40.0% mae=19.2lb

--------------------------------------------------------------------------------
PER-CATEGORY BREAKDOWN:
  break_recovery: lifts=30 load=60.0% dec=50.0% mae=6.7lb
  progression: lifts=138 load=89.1% dec=54.3% mae=4.6lb
  readiness: lifts=25 load=40.0% dec=32.0% mae=12.1lb
  substitution: lifts=10 load=40.0% dec=40.0% mae=19.2lb

--------------------------------------------------------------------------------
MISMATCH SAMPLES: 100 total (set V7_VERBOSE=1 for details)