================================================================================
V9 FULL E2E REPLAY DIAGNOSTICS (conservative, exercise-aware) @ 2026-01-30T22:06:52Z
================================================================================

OVERALL SUMMARY:
  Total test cases: 116
  Total prescriptions scored: 220

  📊 Load Agreement: 160/220 = 72.7%
  🎯 Decision Agreement: 134/220 = 60.9%
  📏 Mean Absolute Error: 4.74 lb
  ✅ Assertions Passed: 156/218 = 71.6%

--------------------------------------------------------------------------------
DECISION CONFUSION MATRIX (rows=expected, cols=predicted):
      exp\pred        deload          hold      increasedecrease_small
        deload            12             0             0             0
          hold             2           110            59            12
      increase             0             2             5             0
decrease_small             0            11             0             7

--------------------------------------------------------------------------------
PER-EXPERIENCE BREAKDOWN:
  advanced:
    lifts=32 load=12.5% dec=81.2% mae=5.8lb
  beginner:
    lifts=64 load=81.2% dec=45.3% mae=4.7lb
  intermediate:
    lifts=124 load=83.9% dec=63.7% mae=4.5lb

--------------------------------------------------------------------------------
PER-MOVEMENT-TYPE BREAKDOWN (compound vs isolation):
  compound:
    lifts=161 load=67.7% dec=61.5% mae=4.8lb
  isolation:
    lifts=59 load=86.4% dec=59.3% mae=4.7lb

--------------------------------------------------------------------------------
PER-SEX BREAKDOWN:
  female:
    lifts=71 load=88.7% dec=52.1% mae=4.7lb
  male:
    lifts=147 load=64.6% dec=64.6% mae=4.8lb
  other:
    lifts=2 load=100.0% dec=100.0% mae=0.0lb

--------------------------------------------------------------------------------
PER-SCENARIO BREAKDOWN:
  advanced_bench_specialization_microloading:
    lifts=32 load=12.5% dec=81.2% mae=5.8lb
  beginner_conservative_lp:
    lifts=60 load=83.3% dec=45.0% mae=4.3lb
  edge_cases_conservative:
    lifts=16 load=56.2% dec=62.5% mae=5.4lb
  intermediate_compound_vs_isolation_conservative:
    lifts=64 load=93.8% dec=50.0% mae=4.4lb
  intermediate_cut_maintenance_conservative:
    lifts=48 load=77.1% dec=81.2% mae=4.8lb

--------------------------------------------------------------------------------
PER-CATEGORY BREAKDOWN:
  break_reset: lifts=4 load=25.0% dec=50.0% mae=6.9lb
  deload: lifts=1 load=0.0% dec=100.0% mae=5.0lb
  edge_case: lifts=11 load=72.7% dec=63.6% mae=4.9lb
  progression: lifts=204 load=74.0% dec=60.8% mae=4.7lb

--------------------------------------------------------------------------------
MISMATCH SAMPLES: 86 total (set V9_VERBOSE=1 for details)